# JRE version: Java(TM) SE Runtime Environment (8.0_65-b17) (build 1.8.0_65-b17)
# Java VM: Java HotSpot(TM) 64-Bit Server VM (25.65-b01 mixed mode bsd-amd64 compressed oops)
Heap:
 PSYoungGen      total 82432K, used 24651K [0x000000076ab00000, 0x0000000770500000, 0x00000007c0000000)
  eden space 74752K, 29% used [0x000000076ab00000,0x000000076c088a50,0x000000076f400000)
  from space 7680K, 33% used [0x000000076fd80000,0x000000077000a4e0,0x0000000770500000)
  to   space 8704K, 0% used [0x000000076f400000,0x000000076f400000,0x000000076fc80000)
 ParOldGen       total 155648K, used 25381K [0x00000006c0000000, 0x00000006c9800000, 0x000000076ab00000)
  object space 155648K, 16% used [0x00000006c0000000,0x00000006c18c9790,0x00000006c9800000)
 Metaspace       used 43189K, capacity 43557K, committed 43776K, reserved 1087488K
  class space    used 4986K, capacity 5086K, committed 5120K, reserved 1048576K
GC Heap History (10 events):
Event: 19920.196 GC heap before
{Heap before GC invocations=36 (full 2):
 PSYoungGen      total 82944K, used 82807K [0x000000076ab00000, 0x0000000770b00000, 0x00000007c0000000)
  eden space 79872K, 100% used [0x000000076ab00000,0x000000076f900000,0x000000076f900000)
  from space 3072K, 95% used [0x000000076fa00000,0x000000076fcddc80,0x000000076fd00000)
  to   space 9216K, 0% used [0x0000000770200000,0x0000000770200000,0x0000000770b00000)
 ParOldGen       total 155648K, used 24973K [0x00000006c0000000, 0x00000006c9800000, 0x000000076ab00000)
  object space 155648K, 16% used [0x00000006c0000000,0x00000006c1863750,0x00000006c9800000)
 Metaspace       used 43179K, capacity 43557K, committed 43776K, reserved 1087488K
  class space    used 4986K, capacity 5086K, committed 5120K, reserved 1048576K
Event: 19920.199 GC heap after
Heap after GC invocations=36 (full 2):
 PSYoungGen      total 87040K, used 2530K [0x000000076ab00000, 0x0000000770a00000, 0x00000007c0000000)
  eden space 78848K, 0% used [0x000000076ab00000,0x000000076ab00000,0x000000076f800000)
  from space 8192K, 30% used [0x0000000770200000,0x0000000770478830,0x0000000770a00000)
  to   space 9216K, 0% used [0x000000076f800000,0x000000076f800000,0x0000000770100000)
 ParOldGen       total 155648K, used 25085K [0x00000006c0000000, 0x00000006c9800000, 0x000000076ab00000)
  object space 155648K, 16% used [0x00000006c0000000,0x00000006c187f770,0x00000006c9800000)
 Metaspace       used 43179K, capacity 43557K, committed 43776K, reserved 1087488K
  class space    used 4986K, capacity 5086K, committed 5120K, reserved 1048576K
}
Event: 19963.689 GC heap before
{Heap before GC invocations=37 (full 2):
 PSYoungGen      total 87040K, used 81378K [0x000000076ab00000, 0x0000000770a00000, 0x00000007c0000000)
  eden space 78848K, 100% used [0x000000076ab00000,0x000000076f800000,0x000000076f800000)
  from space 8192K, 30% used [0x0000000770200000,0x0000000770478830,0x0000000770a00000)
  to   space 9216K, 0% used [0x000000076f800000,0x000000076f800000,0x0000000770100000)
 ParOldGen       total 155648K, used 25085K [0x00000006c0000000, 0x00000006c9800000, 0x000000076ab00000)
  object space 155648K, 16% used [0x00000006c0000000,0x00000006c187f770,0x00000006c9800000)
 Metaspace       used 43179K, capacity 43557K, committed 43776K, reserved 1087488K
  class space    used 4986K, capacity 5086K, committed 5120K, reserved 1048576K
Event: 19963.691 GC heap after
Heap after GC invocations=37 (full 2):
 PSYoungGen      total 80384K, used 2432K [0x000000076ab00000, 0x0000000770900000, 0x00000007c0000000)
  eden space 77824K, 0% used [0x000000076ab00000,0x000000076ab00000,0x000000076f700000)
  from space 2560K, 95% used [0x000000076f800000,0x000000076fa601f0,0x000000076fa80000)
  to   space 9216K, 0% used [0x0000000770000000,0x0000000770000000,0x0000000770900000)
 ParOldGen       total 155648K, used 25157K [0x00000006c0000000, 0x00000006c9800000, 0x000000076ab00000)
  object space 155648K, 16% used [0x00000006c0000000,0x00000006c1891770,0x00000006c9800000)
 Metaspace       used 43179K, capacity 43557K, committed 43776K, reserved 1087488K
  class space    used 4986K, capacity 5086K, committed 5120K, reserved 1048576K
}
Event: 20024.629 GC heap before
{Heap before GC invocations=38 (full 2):
 PSYoungGen      total 80384K, used 80256K [0x000000076ab00000, 0x0000000770900000, 0x00000007c0000000)
  eden space 77824K, 100% used [0x000000076ab00000,0x000000076f700000,0x000000076f700000)
  from space 2560K, 95% used [0x000000076f800000,0x000000076fa601f0,0x000000076fa80000)
  to   space 9216K, 0% used [0x0000000770000000,0x0000000770000000,0x0000000770900000)
 ParOldGen       total 155648K, used 25157K [0x00000006c0000000, 0x00000006c9800000, 0x000000076ab00000)
  object space 155648K, 16% used [0x00000006c0000000,0x00000006c1891770,0x00000006c9800000)
 Metaspace       used 43180K, capacity 43557K, committed 43776K, reserved 1087488K
  class space    used 4986K, capacity 5086K, committed 5120K, reserved 1048576K
Event: 20024.632 GC heap after
Heap after GC invocations=38 (full 2):
 PSYoungGen      total 84992K, used 2431K [0x000000076ab00000, 0x0000000770800000, 0x00000007c0000000)
  eden space 76800K, 0% used [0x000000076ab00000,0x000000076ab00000,0x000000076f600000)
  from space 8192K, 29% used [0x0000000770000000,0x000000077025fe30,0x0000000770800000)
  to   space 9216K, 0% used [0x000000076f600000,0x000000076f600000,0x000000076ff00000)
 ParOldGen       total 155648K, used 25213K [0x00000006c0000000, 0x00000006c9800000, 0x000000076ab00000)
  object space 155648K, 16% used [0x00000006c0000000,0x00000006c189f770,0x00000006c9800000)
 Metaspace       used 43180K, capacity 43557K, committed 43776K, reserved 1087488K
  class space    used 4986K, capacity 5086K, committed 5120K, reserved 1048576K
}
Event: 20028.578 GC heap before
{Heap before GC invocations=39 (full 2):
 PSYoungGen      total 84992K, used 79231K [0x000000076ab00000, 0x0000000770800000, 0x00000007c0000000)
  eden space 76800K, 100% used [0x000000076ab00000,0x000000076f600000,0x000000076f600000)
  from space 8192K, 29% used [0x0000000770000000,0x000000077025fe30,0x0000000770800000)
  to   space 9216K, 0% used [0x000000076f600000,0x000000076f600000,0x000000076ff00000)
 ParOldGen       total 155648K, used 25213K [0x00000006c0000000, 0x00000006c9800000, 0x000000076ab00000)
  object space 155648K, 16% used [0x00000006c0000000,0x00000006c189f770,0x00000006c9800000)
 Metaspace       used 43181K, capacity 43557K, committed 43776K, reserved 1087488K
  class space    used 4986K, capacity 5086K, committed 5120K, reserved 1048576K
Event: 20028.580 GC heap after
Heap after GC invocations=39 (full 2):
 PSYoungGen      total 78848K, used 2841K [0x000000076ab00000, 0x0000000770600000, 0x00000007c0000000)
  eden space 75776K, 0% used [0x000000076ab00000,0x000000076ab00000,0x000000076f500000)
  from space 3072K, 92% used [0x000000076f600000,0x000000076f8c6540,0x000000076f900000)
  to   space 8704K, 0% used [0x000000076fd80000,0x000000076fd80000,0x0000000770600000)
 ParOldGen       total 155648K, used 25277K [0x00000006c0000000, 0x00000006c9800000, 0x000000076ab00000)
  object space 155648K, 16% used [0x00000006c0000000,0x00000006c18af770,0x00000006c9800000)
 Metaspace       used 43181K, capacity 43557K, committed 43776K, reserved 1087488K
  class space    used 4986K, capacity 5086K, committed 5120K, reserved 1048576K
}
Event: 20032.811 GC heap before
{Heap before GC invocations=40 (full 2):
 PSYoungGen      total 78848K, used 78617K [0x000000076ab00000, 0x0000000770600000, 0x00000007c0000000)
  eden space 75776K, 100% used [0x000000076ab00000,0x000000076f500000,0x000000076f500000)
  from space 3072K, 92% used [0x000000076f600000,0x000000076f8c6540,0x000000076f900000)
  to   space 8704K, 0% used [0x000000076fd80000,0x000000076fd80000,0x0000000770600000)
 ParOldGen       total 155648K, used 25277K [0x00000006c0000000, 0x00000006c9800000, 0x000000076ab00000)
  object space 155648K, 16% used [0x00000006c0000000,0x00000006c18af770,0x00000006c9800000)
 Metaspace       used 43181K, capacity 43557K, committed 43776K, reserved 1087488K
  class space    used 4986K, capacity 5086K, committed 5120K, reserved 1048576K
Event: 20032.814 GC heap after
Heap after GC invocations=40 (full 2):
 PSYoungGen      total 82432K, used 2601K [0x000000076ab00000, 0x0000000770500000, 0x00000007c0000000)
  eden space 74752K, 0% used [0x000000076ab00000,0x000000076ab00000,0x000000076f400000)
  from space 7680K, 33% used [0x000000076fd80000,0x000000077000a4e0,0x0000000770500000)
  to   space 8704K, 0% used [0x000000076f400000,0x000000076f400000,0x000000076fc80000)
 ParOldGen       total 155648K, used 25381K [0x00000006c0000000, 0x00000006c9800000, 0x000000076ab00000)
  object space 155648K, 16% used [0x00000006c0000000,0x00000006c18c9790,0x00000006c9800000)
 Metaspace       used 43181K, capacity 43557K, committed 43776K, reserved 1087488K
  class space    used 4986K, capacity 5086K, committed 5120K, reserved 1048576K
}

